{"D:\\Felipe\\Fontes\\Pessoal\\BootCamp11\\App\\mobile\\src\\components\\Button\\index.tsx": {"path":"D:\\Felipe\\Fontes\\Pessoal\\BootCamp11\\App\\mobile\\src\\components\\Button\\index.tsx","statementMap":{"0":{"start":{"line":9,"column":38},"end":{"line":15,"column":1}},"1":{"start":{"line":10,"column":2},"end":{"line":14,"column":4}}},"fnMap":{"0":{"name":"(anonymous_0)","decl":{"start":{"line":9,"column":38},"end":{"line":9,"column":39}},"loc":{"start":{"line":9,"column":65},"end":{"line":15,"column":1}},"line":9}},"branchMap":{},"s":{"0":1,"1":1},"f":{"0":1},"b":{},"_coverageSchema":"43e27e138ebf9cfc5966b082cf9a028302ed4184","hash":"3510d69cbefc63fbb994e8ea64302ddc9287752f"}
,"D:\\Felipe\\Fontes\\Pessoal\\BootCamp11\\App\\mobile\\src\\components\\Input\\index.tsx": {"path":"D:\\Felipe\\Fontes\\Pessoal\\BootCamp11\\App\\mobile\\src\\components\\Input\\index.tsx","statementMap":{"0":{"start":{"line":27,"column":66},"end":{"line":82,"column":1}},"1":{"start":{"line":31,"column":26},"end":{"line":31,"column":43}},"2":{"start":{"line":32,"column":60},"end":{"line":32,"column":74}},"3":{"start":{"line":33,"column":24},"end":{"line":33,"column":76}},"4":{"start":{"line":35,"column":36},"end":{"line":35,"column":51}},"5":{"start":{"line":36,"column":34},"end":{"line":36,"column":49}},"6":{"start":{"line":38,"column":27},"end":{"line":40,"column":8}},"7":{"start":{"line":39,"column":4},"end":{"line":39,"column":23}},"8":{"start":{"line":42,"column":26},"end":{"line":45,"column":8}},"9":{"start":{"line":43,"column":4},"end":{"line":43,"column":24}},"10":{"start":{"line":44,"column":4},"end":{"line":44,"column":47}},"11":{"start":{"line":47,"column":2},"end":{"line":51,"column":6}},"12":{"start":{"line":47,"column":34},"end":{"line":51,"column":3}},"13":{"start":{"line":49,"column":6},"end":{"line":49,"column":38}},"14":{"start":{"line":53,"column":2},"end":{"line":59,"column":33}},"15":{"start":{"line":54,"column":4},"end":{"line":58,"column":7}},"16":{"start":{"line":61,"column":2},"end":{"line":81,"column":4}},"17":{"start":{"line":76,"column":10},"end":{"line":76,"column":46}}},"fnMap":{"0":{"name":"(anonymous_0)","decl":{"start":{"line":27,"column":66},"end":{"line":27,"column":67}},"loc":{"start":{"line":30,"column":5},"end":{"line":82,"column":1}},"line":30},"1":{"name":"(anonymous_1)","decl":{"start":{"line":38,"column":39},"end":{"line":38,"column":40}},"loc":{"start":{"line":38,"column":45},"end":{"line":40,"column":3}},"line":38},"2":{"name":"(anonymous_2)","decl":{"start":{"line":42,"column":38},"end":{"line":42,"column":39}},"loc":{"start":{"line":42,"column":44},"end":{"line":45,"column":3}},"line":42},"3":{"name":"(anonymous_3)","decl":{"start":{"line":47,"column":27},"end":{"line":47,"column":28}},"loc":{"start":{"line":47,"column":34},"end":{"line":51,"column":3}},"line":47},"4":{"name":"(anonymous_4)","decl":{"start":{"line":48,"column":4},"end":{"line":48,"column":5}},"loc":{"start":{"line":48,"column":12},"end":{"line":50,"column":5}},"line":48},"5":{"name":"(anonymous_5)","decl":{"start":{"line":53,"column":12},"end":{"line":53,"column":13}},"loc":{"start":{"line":53,"column":18},"end":{"line":59,"column":3}},"line":53},"6":{"name":"(anonymous_6)","decl":{"start":{"line":75,"column":22},"end":{"line":75,"column":23}},"loc":{"start":{"line":75,"column":31},"end":{"line":77,"column":9}},"line":75}},"branchMap":{"0":{"loc":{"start":{"line":28,"column":16},"end":{"line":28,"column":35}},"type":"default-arg","locations":[{"start":{"line":28,"column":33},"end":{"line":28,"column":35}}],"line":28},"1":{"loc":{"start":{"line":66,"column":15},"end":{"line":66,"column":60}},"type":"cond-expr","locations":[{"start":{"line":66,"column":39},"end":{"line":66,"column":48}},{"start":{"line":66,"column":51},"end":{"line":66,"column":60}}],"line":66},"2":{"loc":{"start":{"line":66,"column":15},"end":{"line":66,"column":36}},"type":"binary-expr","locations":[{"start":{"line":66,"column":15},"end":{"line":66,"column":24}},{"start":{"line":66,"column":28},"end":{"line":66,"column":36}}],"line":66}},"s":{"0":1,"1":2,"2":2,"3":2,"4":2,"5":2,"6":2,"7":0,"8":2,"9":0,"10":0,"11":2,"12":1,"13":0,"14":2,"15":2,"16":2,"17":0},"f":{"0":2,"1":0,"2":0,"3":1,"4":0,"5":2,"6":0},"b":{"0":[2],"1":[0,2],"2":[2,2]},"_coverageSchema":"43e27e138ebf9cfc5966b082cf9a028302ed4184","hash":"dc4ea4ac731cef3e8da3a4d83c83ed236abee170"}
,"D:\\Felipe\\Fontes\\Pessoal\\BootCamp11\\App\\mobile\\src\\hooks\\auth.tsx": {"path":"D:\\Felipe\\Fontes\\Pessoal\\BootCamp11\\App\\mobile\\src\\hooks\\auth.tsx","statementMap":{"0":{"start":{"line":36,"column":20},"end":{"line":36,"column":73}},"1":{"start":{"line":38,"column":31},"end":{"line":99,"column":1}},"2":{"start":{"line":39,"column":26},"end":{"line":39,"column":62}},"3":{"start":{"line":40,"column":32},"end":{"line":40,"column":46}},"4":{"start":{"line":42,"column":2},"end":{"line":58,"column":9}},"5":{"start":{"line":44,"column":28},"end":{"line":47,"column":8}},"6":{"start":{"line":49,"column":6},"end":{"line":52,"column":7}},"7":{"start":{"line":50,"column":8},"end":{"line":50,"column":66}},"8":{"start":{"line":51,"column":8},"end":{"line":51,"column":64}},"9":{"start":{"line":54,"column":6},"end":{"line":54,"column":24}},"10":{"start":{"line":57,"column":4},"end":{"line":57,"column":22}},"11":{"start":{"line":60,"column":17},"end":{"line":73,"column":8}},"12":{"start":{"line":61,"column":22},"end":{"line":61,"column":69}},"13":{"start":{"line":63,"column":28},"end":{"line":63,"column":42}},"14":{"start":{"line":65,"column":4},"end":{"line":68,"column":7}},"15":{"start":{"line":70,"column":4},"end":{"line":70,"column":59}},"16":{"start":{"line":72,"column":4},"end":{"line":72,"column":29}},"17":{"start":{"line":75,"column":18},"end":{"line":79,"column":8}},"18":{"start":{"line":76,"column":4},"end":{"line":76,"column":74}},"19":{"start":{"line":78,"column":4},"end":{"line":78,"column":29}},"20":{"start":{"line":81,"column":21},"end":{"line":90,"column":3}},"21":{"start":{"line":83,"column":6},"end":{"line":83,"column":73}},"22":{"start":{"line":84,"column":6},"end":{"line":87,"column":9}},"23":{"start":{"line":92,"column":2},"end":{"line":98,"column":4}},"24":{"start":{"line":102,"column":18},"end":{"line":102,"column":41}},"25":{"start":{"line":104,"column":2},"end":{"line":106,"column":3}},"26":{"start":{"line":105,"column":4},"end":{"line":105,"column":67}},"27":{"start":{"line":108,"column":2},"end":{"line":108,"column":17}}},"fnMap":{"0":{"name":"(anonymous_0)","decl":{"start":{"line":38,"column":31},"end":{"line":38,"column":32}},"loc":{"start":{"line":38,"column":49},"end":{"line":99,"column":1}},"line":38},"1":{"name":"(anonymous_1)","decl":{"start":{"line":42,"column":12},"end":{"line":42,"column":13}},"loc":{"start":{"line":42,"column":18},"end":{"line":58,"column":3}},"line":42},"2":{"name":"loadStorageData","decl":{"start":{"line":43,"column":19},"end":{"line":43,"column":34}},"loc":{"start":{"line":43,"column":52},"end":{"line":55,"column":5}},"line":43},"3":{"name":"(anonymous_3)","decl":{"start":{"line":60,"column":29},"end":{"line":60,"column":30}},"loc":{"start":{"line":60,"column":60},"end":{"line":73,"column":3}},"line":60},"4":{"name":"(anonymous_4)","decl":{"start":{"line":75,"column":30},"end":{"line":75,"column":31}},"loc":{"start":{"line":75,"column":42},"end":{"line":79,"column":3}},"line":75},"5":{"name":"(anonymous_5)","decl":{"start":{"line":82,"column":4},"end":{"line":82,"column":5}},"loc":{"start":{"line":82,"column":26},"end":{"line":88,"column":5}},"line":82},"6":{"name":"useAuth","decl":{"start":{"line":101,"column":9},"end":{"line":101,"column":16}},"loc":{"start":{"line":101,"column":36},"end":{"line":109,"column":1}},"line":101}},"branchMap":{"0":{"loc":{"start":{"line":49,"column":6},"end":{"line":52,"column":7}},"type":"if","locations":[{"start":{"line":49,"column":6},"end":{"line":52,"column":7}},{"start":{"line":49,"column":6},"end":{"line":52,"column":7}}],"line":49},"1":{"loc":{"start":{"line":49,"column":10},"end":{"line":49,"column":29}},"type":"binary-expr","locations":[{"start":{"line":49,"column":10},"end":{"line":49,"column":18}},{"start":{"line":49,"column":22},"end":{"line":49,"column":29}}],"line":49},"2":{"loc":{"start":{"line":104,"column":2},"end":{"line":106,"column":3}},"type":"if","locations":[{"start":{"line":104,"column":2},"end":{"line":106,"column":3}},{"start":{"line":104,"column":2},"end":{"line":106,"column":3}}],"line":104}},"s":{"0":1,"1":1,"2":0,"3":0,"4":0,"5":0,"6":0,"7":0,"8":0,"9":0,"10":0,"11":0,"12":0,"13":0,"14":0,"15":0,"16":0,"17":0,"18":0,"19":0,"20":0,"21":0,"22":0,"23":0,"24":1,"25":1,"26":0,"27":1},"f":{"0":0,"1":0,"2":0,"3":0,"4":0,"5":0,"6":1},"b":{"0":[0,0],"1":[0,0],"2":[0,1]},"_coverageSchema":"43e27e138ebf9cfc5966b082cf9a028302ed4184","hash":"e33570081e820a3cfd32544cfcfe64ed41e536a5"}
,"D:\\Felipe\\Fontes\\Pessoal\\BootCamp11\\App\\mobile\\src\\pages\\AppointmentCreated\\index.tsx": {"path":"D:\\Felipe\\Fontes\\Pessoal\\BootCamp11\\App\\mobile\\src\\pages\\AppointmentCreated\\index.tsx","statementMap":{"0":{"start":{"line":19,"column":37},"end":{"line":52,"column":1}},"1":{"start":{"line":20,"column":20},"end":{"line":20,"column":35}},"2":{"start":{"line":21,"column":21},"end":{"line":21,"column":31}},"3":{"start":{"line":23,"column":22},"end":{"line":23,"column":43}},"4":{"start":{"line":25,"column":26},"end":{"line":30,"column":13}},"5":{"start":{"line":26,"column":4},"end":{"line":29,"column":7}},"6":{"start":{"line":32,"column":24},"end":{"line":38,"column":24}},"7":{"start":{"line":33,"column":4},"end":{"line":37,"column":6}},"8":{"start":{"line":40,"column":2},"end":{"line":51,"column":4}}},"fnMap":{"0":{"name":"(anonymous_0)","decl":{"start":{"line":19,"column":37},"end":{"line":19,"column":38}},"loc":{"start":{"line":19,"column":43},"end":{"line":52,"column":1}},"line":19},"1":{"name":"(anonymous_1)","decl":{"start":{"line":25,"column":38},"end":{"line":25,"column":39}},"loc":{"start":{"line":25,"column":44},"end":{"line":30,"column":3}},"line":25},"2":{"name":"(anonymous_2)","decl":{"start":{"line":32,"column":32},"end":{"line":32,"column":33}},"loc":{"start":{"line":32,"column":38},"end":{"line":38,"column":3}},"line":32}},"branchMap":{},"s":{"0":0,"1":0,"2":0,"3":0,"4":0,"5":0,"6":0,"7":0,"8":0},"f":{"0":0,"1":0,"2":0},"b":{},"hash":"a861c6c862c9ed297c6795265b90f83637e3fa45"}
,"D:\\Felipe\\Fontes\\Pessoal\\BootCamp11\\App\\mobile\\src\\pages\\CreateAppointment\\index.tsx": {"path":"D:\\Felipe\\Fontes\\Pessoal\\BootCamp11\\App\\mobile\\src\\pages\\CreateAppointment\\index.tsx","statementMap":{"0":{"start":{"line":53,"column":36},"end":{"line":263,"column":1}},"1":{"start":{"line":54,"column":36},"end":{"line":54,"column":60}},"2":{"start":{"line":55,"column":42},"end":{"line":55,"column":70}},"3":{"start":{"line":56,"column":46},"end":{"line":56,"column":61}},"4":{"start":{"line":57,"column":42},"end":{"line":57,"column":62}},"5":{"start":{"line":58,"column":42},"end":{"line":58,"column":53}},"6":{"start":{"line":60,"column":19},"end":{"line":60,"column":28}},"7":{"start":{"line":61,"column":16},"end":{"line":61,"column":26}},"8":{"start":{"line":62,"column":31},"end":{"line":62,"column":46}},"9":{"start":{"line":63,"column":22},"end":{"line":63,"column":49}},"10":{"start":{"line":64,"column":50},"end":{"line":66,"column":3}},"11":{"start":{"line":68,"column":2},"end":{"line":72,"column":9}},"12":{"start":{"line":69,"column":4},"end":{"line":71,"column":7}},"13":{"start":{"line":70,"column":6},"end":{"line":70,"column":34}},"14":{"start":{"line":74,"column":2},"end":{"line":86,"column":39}},"15":{"start":{"line":75,"column":4},"end":{"line":85,"column":9}},"16":{"start":{"line":84,"column":8},"end":{"line":84,"column":39}},"17":{"start":{"line":88,"column":27},"end":{"line":90,"column":14}},"18":{"start":{"line":89,"column":4},"end":{"line":89,"column":13}},"19":{"start":{"line":92,"column":31},"end":{"line":94,"column":8}},"20":{"start":{"line":93,"column":4},"end":{"line":93,"column":36}},"21":{"start":{"line":96,"column":33},"end":{"line":98,"column":8}},"22":{"start":{"line":97,"column":4},"end":{"line":97,"column":39}},"23":{"start":{"line":97,"column":31},"end":{"line":97,"column":37}},"24":{"start":{"line":100,"column":27},"end":{"line":107,"column":8}},"25":{"start":{"line":101,"column":4},"end":{"line":103,"column":5}},"26":{"start":{"line":102,"column":6},"end":{"line":102,"column":31}},"27":{"start":{"line":104,"column":4},"end":{"line":106,"column":5}},"28":{"start":{"line":105,"column":6},"end":{"line":105,"column":28}},"29":{"start":{"line":109,"column":27},"end":{"line":111,"column":8}},"30":{"start":{"line":110,"column":4},"end":{"line":110,"column":26}},"31":{"start":{"line":113,"column":34},"end":{"line":132,"column":62}},"32":{"start":{"line":114,"column":4},"end":{"line":131,"column":5}},"33":{"start":{"line":115,"column":19},"end":{"line":115,"column":41}},"34":{"start":{"line":117,"column":6},"end":{"line":117,"column":38}},"35":{"start":{"line":118,"column":6},"end":{"line":118,"column":25}},"36":{"start":{"line":120,"column":6},"end":{"line":123,"column":9}},"37":{"start":{"line":125,"column":6},"end":{"line":125,"column":63}},"38":{"start":{"line":127,"column":6},"end":{"line":130,"column":8}},"39":{"start":{"line":134,"column":29},"end":{"line":144,"column":20}},"40":{"start":{"line":135,"column":4},"end":{"line":143,"column":9}},"41":{"start":{"line":136,"column":28},"end":{"line":136,"column":37}},"42":{"start":{"line":138,"column":8},"end":{"line":142,"column":10}},"43":{"start":{"line":146,"column":31},"end":{"line":156,"column":20}},"44":{"start":{"line":147,"column":4},"end":{"line":155,"column":9}},"45":{"start":{"line":148,"column":28},"end":{"line":148,"column":38}},"46":{"start":{"line":150,"column":8},"end":{"line":154,"column":10}},"47":{"start":{"line":158,"column":2},"end":{"line":262,"column":4}},"48":{"start":{"line":176,"column":38},"end":{"line":176,"column":49}},"49":{"start":{"line":178,"column":14},"end":{"line":186,"column":34}},"50":{"start":{"line":179,"column":31},"end":{"line":179,"column":64}},"51":{"start":{"line":219,"column":16},"end":{"line":229,"column":23}},"52":{"start":{"line":224,"column":33},"end":{"line":224,"column":55}},"53":{"start":{"line":240,"column":18},"end":{"line":250,"column":25}},"54":{"start":{"line":245,"column":35},"end":{"line":245,"column":57}}},"fnMap":{"0":{"name":"(anonymous_0)","decl":{"start":{"line":53,"column":36},"end":{"line":53,"column":37}},"loc":{"start":{"line":53,"column":42},"end":{"line":263,"column":1}},"line":53},"1":{"name":"(anonymous_1)","decl":{"start":{"line":68,"column":12},"end":{"line":68,"column":13}},"loc":{"start":{"line":68,"column":18},"end":{"line":72,"column":3}},"line":68},"2":{"name":"(anonymous_2)","decl":{"start":{"line":69,"column":42},"end":{"line":69,"column":43}},"loc":{"start":{"line":69,"column":54},"end":{"line":71,"column":5}},"line":69},"3":{"name":"(anonymous_3)","decl":{"start":{"line":74,"column":12},"end":{"line":74,"column":13}},"loc":{"start":{"line":74,"column":18},"end":{"line":86,"column":3}},"line":74},"4":{"name":"(anonymous_4)","decl":{"start":{"line":83,"column":12},"end":{"line":83,"column":13}},"loc":{"start":{"line":83,"column":24},"end":{"line":85,"column":7}},"line":83},"5":{"name":"(anonymous_5)","decl":{"start":{"line":88,"column":39},"end":{"line":88,"column":40}},"loc":{"start":{"line":88,"column":45},"end":{"line":90,"column":3}},"line":88},"6":{"name":"(anonymous_6)","decl":{"start":{"line":92,"column":43},"end":{"line":92,"column":44}},"loc":{"start":{"line":92,"column":67},"end":{"line":94,"column":3}},"line":92},"7":{"name":"(anonymous_7)","decl":{"start":{"line":96,"column":45},"end":{"line":96,"column":46}},"loc":{"start":{"line":96,"column":51},"end":{"line":98,"column":3}},"line":96},"8":{"name":"(anonymous_8)","decl":{"start":{"line":97,"column":22},"end":{"line":97,"column":23}},"loc":{"start":{"line":97,"column":31},"end":{"line":97,"column":37}},"line":97},"9":{"name":"(anonymous_9)","decl":{"start":{"line":100,"column":39},"end":{"line":100,"column":40}},"loc":{"start":{"line":100,"column":79},"end":{"line":107,"column":3}},"line":100},"10":{"name":"(anonymous_10)","decl":{"start":{"line":109,"column":39},"end":{"line":109,"column":40}},"loc":{"start":{"line":109,"column":57},"end":{"line":111,"column":3}},"line":109},"11":{"name":"(anonymous_11)","decl":{"start":{"line":113,"column":46},"end":{"line":113,"column":47}},"loc":{"start":{"line":113,"column":58},"end":{"line":132,"column":3}},"line":113},"12":{"name":"(anonymous_12)","decl":{"start":{"line":134,"column":37},"end":{"line":134,"column":38}},"loc":{"start":{"line":134,"column":43},"end":{"line":144,"column":3}},"line":134},"13":{"name":"(anonymous_13)","decl":{"start":{"line":136,"column":14},"end":{"line":136,"column":15}},"loc":{"start":{"line":136,"column":28},"end":{"line":136,"column":37}},"line":136},"14":{"name":"(anonymous_14)","decl":{"start":{"line":137,"column":11},"end":{"line":137,"column":12}},"loc":{"start":{"line":137,"column":36},"end":{"line":143,"column":7}},"line":137},"15":{"name":"(anonymous_15)","decl":{"start":{"line":146,"column":39},"end":{"line":146,"column":40}},"loc":{"start":{"line":146,"column":45},"end":{"line":156,"column":3}},"line":146},"16":{"name":"(anonymous_16)","decl":{"start":{"line":148,"column":14},"end":{"line":148,"column":15}},"loc":{"start":{"line":148,"column":28},"end":{"line":148,"column":38}},"line":148},"17":{"name":"(anonymous_17)","decl":{"start":{"line":149,"column":11},"end":{"line":149,"column":12}},"loc":{"start":{"line":149,"column":36},"end":{"line":155,"column":7}},"line":149},"18":{"name":"(anonymous_18)","decl":{"start":{"line":176,"column":26},"end":{"line":176,"column":27}},"loc":{"start":{"line":176,"column":38},"end":{"line":176,"column":49}},"line":176},"19":{"name":"(anonymous_19)","decl":{"start":{"line":177,"column":24},"end":{"line":177,"column":25}},"loc":{"start":{"line":178,"column":14},"end":{"line":186,"column":34}},"line":178},"20":{"name":"(anonymous_20)","decl":{"start":{"line":179,"column":25},"end":{"line":179,"column":26}},"loc":{"start":{"line":179,"column":31},"end":{"line":179,"column":64}},"line":179},"21":{"name":"(anonymous_21)","decl":{"start":{"line":218,"column":38},"end":{"line":218,"column":39}},"loc":{"start":{"line":219,"column":16},"end":{"line":229,"column":23}},"line":219},"22":{"name":"(anonymous_22)","decl":{"start":{"line":224,"column":27},"end":{"line":224,"column":28}},"loc":{"start":{"line":224,"column":33},"end":{"line":224,"column":55}},"line":224},"23":{"name":"(anonymous_23)","decl":{"start":{"line":239,"column":16},"end":{"line":239,"column":17}},"loc":{"start":{"line":240,"column":18},"end":{"line":250,"column":25}},"line":240},"24":{"name":"(anonymous_24)","decl":{"start":{"line":245,"column":29},"end":{"line":245,"column":30}},"loc":{"start":{"line":245,"column":35},"end":{"line":245,"column":57}},"line":245}},"branchMap":{"0":{"loc":{"start":{"line":101,"column":4},"end":{"line":103,"column":5}},"type":"if","locations":[{"start":{"line":101,"column":4},"end":{"line":103,"column":5}},{"start":{"line":101,"column":4},"end":{"line":103,"column":5}}],"line":101},"1":{"loc":{"start":{"line":104,"column":4},"end":{"line":106,"column":5}},"type":"if","locations":[{"start":{"line":104,"column":4},"end":{"line":106,"column":5}},{"start":{"line":104,"column":4},"end":{"line":106,"column":5}}],"line":104},"2":{"loc":{"start":{"line":200,"column":11},"end":{"line":208,"column":11}},"type":"binary-expr","locations":[{"start":{"line":200,"column":11},"end":{"line":200,"column":25}},{"start":{"line":201,"column":12},"end":{"line":207,"column":14}}],"line":200}},"s":{"0":0,"1":0,"2":0,"3":0,"4":0,"5":0,"6":0,"7":0,"8":0,"9":0,"10":0,"11":0,"12":0,"13":0,"14":0,"15":0,"16":0,"17":0,"18":0,"19":0,"20":0,"21":0,"22":0,"23":0,"24":0,"25":0,"26":0,"27":0,"28":0,"29":0,"30":0,"31":0,"32":0,"33":0,"34":0,"35":0,"36":0,"37":0,"38":0,"39":0,"40":0,"41":0,"42":0,"43":0,"44":0,"45":0,"46":0,"47":0,"48":0,"49":0,"50":0,"51":0,"52":0,"53":0,"54":0},"f":{"0":0,"1":0,"2":0,"3":0,"4":0,"5":0,"6":0,"7":0,"8":0,"9":0,"10":0,"11":0,"12":0,"13":0,"14":0,"15":0,"16":0,"17":0,"18":0,"19":0,"20":0,"21":0,"22":0,"23":0,"24":0},"b":{"0":[0,0],"1":[0,0],"2":[0,0]},"hash":"3a91e4dfe1ad28b8749f6a67311ff23831495616"}
,"D:\\Felipe\\Fontes\\Pessoal\\BootCamp11\\App\\mobile\\src\\pages\\Dashboard\\index.tsx": {"path":"D:\\Felipe\\Fontes\\Pessoal\\BootCamp11\\App\\mobile\\src\\pages\\Dashboard\\index.tsx","statementMap":{"0":{"start":{"line":31,"column":28},"end":{"line":95,"column":1}},"1":{"start":{"line":32,"column":36},"end":{"line":32,"column":60}},"2":{"start":{"line":34,"column":19},"end":{"line":34,"column":28}},"3":{"start":{"line":35,"column":23},"end":{"line":35,"column":38}},"4":{"start":{"line":37,"column":2},"end":{"line":41,"column":9}},"5":{"start":{"line":38,"column":4},"end":{"line":40,"column":7}},"6":{"start":{"line":39,"column":6},"end":{"line":39,"column":34}},"7":{"start":{"line":43,"column":28},"end":{"line":45,"column":16}},"8":{"start":{"line":44,"column":4},"end":{"line":44,"column":24}},"9":{"start":{"line":47,"column":38},"end":{"line":52,"column":3}},"10":{"start":{"line":49,"column":6},"end":{"line":49,"column":52}},"11":{"start":{"line":54,"column":2},"end":{"line":94,"column":4}},"12":{"start":{"line":68,"column":34},"end":{"line":68,"column":45}},"13":{"start":{"line":73,"column":10},"end":{"line":90,"column":30}},"14":{"start":{"line":74,"column":27},"end":{"line":74,"column":67}}},"fnMap":{"0":{"name":"(anonymous_0)","decl":{"start":{"line":31,"column":28},"end":{"line":31,"column":29}},"loc":{"start":{"line":31,"column":34},"end":{"line":95,"column":1}},"line":31},"1":{"name":"(anonymous_1)","decl":{"start":{"line":37,"column":12},"end":{"line":37,"column":13}},"loc":{"start":{"line":37,"column":18},"end":{"line":41,"column":3}},"line":37},"2":{"name":"(anonymous_2)","decl":{"start":{"line":38,"column":42},"end":{"line":38,"column":43}},"loc":{"start":{"line":38,"column":54},"end":{"line":40,"column":5}},"line":38},"3":{"name":"(anonymous_3)","decl":{"start":{"line":43,"column":40},"end":{"line":43,"column":41}},"loc":{"start":{"line":43,"column":46},"end":{"line":45,"column":3}},"line":43},"4":{"name":"(anonymous_4)","decl":{"start":{"line":48,"column":4},"end":{"line":48,"column":5}},"loc":{"start":{"line":48,"column":28},"end":{"line":50,"column":5}},"line":48},"5":{"name":"(anonymous_5)","decl":{"start":{"line":68,"column":22},"end":{"line":68,"column":23}},"loc":{"start":{"line":68,"column":34},"end":{"line":68,"column":45}},"line":68},"6":{"name":"(anonymous_6)","decl":{"start":{"line":72,"column":20},"end":{"line":72,"column":21}},"loc":{"start":{"line":73,"column":10},"end":{"line":90,"column":30}},"line":73},"7":{"name":"(anonymous_7)","decl":{"start":{"line":74,"column":21},"end":{"line":74,"column":22}},"loc":{"start":{"line":74,"column":27},"end":{"line":74,"column":67}},"line":74}},"branchMap":{},"s":{"0":0,"1":0,"2":0,"3":0,"4":0,"5":0,"6":0,"7":0,"8":0,"9":0,"10":0,"11":0,"12":0,"13":0,"14":0},"f":{"0":0,"1":0,"2":0,"3":0,"4":0,"5":0,"6":0,"7":0},"b":{},"hash":"5d321cbbe55dd1e5a82ed7004c19e7552d22aa50"}
,"D:\\Felipe\\Fontes\\Pessoal\\BootCamp11\\App\\mobile\\src\\pages\\Profile\\index.tsx": {"path":"D:\\Felipe\\Fontes\\Pessoal\\BootCamp11\\App\\mobile\\src\\pages\\Profile\\index.tsx","statementMap":{"0":{"start":{"line":31,"column":26},"end":{"line":242,"column":1}},"1":{"start":{"line":32,"column":31},"end":{"line":32,"column":40}},"2":{"start":{"line":33,"column":21},"end":{"line":33,"column":36}},"3":{"start":{"line":34,"column":18},"end":{"line":34,"column":43}},"4":{"start":{"line":35,"column":23},"end":{"line":35,"column":46}},"5":{"start":{"line":36,"column":29},"end":{"line":36,"column":52}},"6":{"start":{"line":37,"column":26},"end":{"line":37,"column":49}},"7":{"start":{"line":38,"column":38},"end":{"line":38,"column":61}},"8":{"start":{"line":40,"column":27},"end":{"line":42,"column":14}},"9":{"start":{"line":41,"column":4},"end":{"line":41,"column":13}},"10":{"start":{"line":44,"column":29},"end":{"line":77,"column":27}},"11":{"start":{"line":45,"column":4},"end":{"line":76,"column":6}},"12":{"start":{"line":53,"column":8},"end":{"line":55,"column":9}},"13":{"start":{"line":54,"column":10},"end":{"line":54,"column":17}},"14":{"start":{"line":57,"column":8},"end":{"line":60,"column":9}},"15":{"start":{"line":58,"column":10},"end":{"line":58,"column":54}},"16":{"start":{"line":59,"column":10},"end":{"line":59,"column":17}},"17":{"start":{"line":62,"column":30},"end":{"line":62,"column":38}},"18":{"start":{"line":64,"column":21},"end":{"line":64,"column":35}},"19":{"start":{"line":66,"column":8},"end":{"line":70,"column":11}},"20":{"start":{"line":72,"column":8},"end":{"line":74,"column":11}},"21":{"start":{"line":73,"column":10},"end":{"line":73,"column":39}},"22":{"start":{"line":79,"column":24},"end":{"line":153,"column":3}},"23":{"start":{"line":81,"column":6},"end":{"line":150,"column":7}},"24":{"start":{"line":82,"column":8},"end":{"line":82,"column":39}},"25":{"start":{"line":84,"column":23},"end":{"line":107,"column":10}},"26":{"start":{"line":92,"column":26},"end":{"line":92,"column":52}},"27":{"start":{"line":96,"column":14},"end":{"line":96,"column":61}},"28":{"start":{"line":100,"column":26},"end":{"line":100,"column":52}},"29":{"start":{"line":109,"column":8},"end":{"line":109,"column":59}},"30":{"start":{"line":117,"column":12},"end":{"line":117,"column":16}},"31":{"start":{"line":119,"column":25},"end":{"line":129,"column":9}},"32":{"start":{"line":131,"column":25},"end":{"line":131,"column":60}},"33":{"start":{"line":133,"column":8},"end":{"line":133,"column":40}},"34":{"start":{"line":135,"column":8},"end":{"line":135,"column":42}},"35":{"start":{"line":137,"column":8},"end":{"line":137,"column":17}},"36":{"start":{"line":139,"column":8},"end":{"line":144,"column":9}},"37":{"start":{"line":140,"column":25},"end":{"line":140,"column":49}},"38":{"start":{"line":142,"column":10},"end":{"line":142,"column":45}},"39":{"start":{"line":143,"column":10},"end":{"line":143,"column":17}},"40":{"start":{"line":146,"column":8},"end":{"line":149,"column":10}},"41":{"start":{"line":155,"column":2},"end":{"line":241,"column":4}},"42":{"start":{"line":177,"column":14},"end":{"line":177,"column":44}},"43":{"start":{"line":190,"column":14},"end":{"line":190,"column":50}},"44":{"start":{"line":203,"column":14},"end":{"line":203,"column":47}},"45":{"start":{"line":215,"column":14},"end":{"line":215,"column":59}},"46":{"start":{"line":227,"column":14},"end":{"line":227,"column":44}},"47":{"start":{"line":233,"column":14},"end":{"line":233,"column":44}}},"fnMap":{"0":{"name":"(anonymous_0)","decl":{"start":{"line":31,"column":26},"end":{"line":31,"column":27}},"loc":{"start":{"line":31,"column":32},"end":{"line":242,"column":1}},"line":31},"1":{"name":"(anonymous_1)","decl":{"start":{"line":40,"column":39},"end":{"line":40,"column":40}},"loc":{"start":{"line":40,"column":45},"end":{"line":42,"column":3}},"line":40},"2":{"name":"(anonymous_2)","decl":{"start":{"line":44,"column":41},"end":{"line":44,"column":42}},"loc":{"start":{"line":44,"column":47},"end":{"line":77,"column":3}},"line":44},"3":{"name":"(anonymous_3)","decl":{"start":{"line":52,"column":6},"end":{"line":52,"column":7}},"loc":{"start":{"line":52,"column":18},"end":{"line":75,"column":7}},"line":52},"4":{"name":"(anonymous_4)","decl":{"start":{"line":72,"column":45},"end":{"line":72,"column":46}},"loc":{"start":{"line":72,"column":60},"end":{"line":74,"column":9}},"line":72},"5":{"name":"(anonymous_5)","decl":{"start":{"line":80,"column":4},"end":{"line":80,"column":5}},"loc":{"start":{"line":80,"column":37},"end":{"line":151,"column":5}},"line":80},"6":{"name":"(anonymous_6)","decl":{"start":{"line":92,"column":18},"end":{"line":92,"column":19}},"loc":{"start":{"line":92,"column":26},"end":{"line":92,"column":52}},"line":92},"7":{"name":"(anonymous_7)","decl":{"start":{"line":95,"column":48},"end":{"line":95,"column":49}},"loc":{"start":{"line":96,"column":14},"end":{"line":96,"column":61}},"line":96},"8":{"name":"(anonymous_8)","decl":{"start":{"line":100,"column":18},"end":{"line":100,"column":19}},"loc":{"start":{"line":100,"column":26},"end":{"line":100,"column":52}},"line":100},"9":{"name":"(anonymous_9)","decl":{"start":{"line":176,"column":29},"end":{"line":176,"column":30}},"loc":{"start":{"line":176,"column":35},"end":{"line":178,"column":13}},"line":176},"10":{"name":"(anonymous_10)","decl":{"start":{"line":189,"column":29},"end":{"line":189,"column":30}},"loc":{"start":{"line":189,"column":35},"end":{"line":191,"column":13}},"line":189},"11":{"name":"(anonymous_11)","decl":{"start":{"line":202,"column":29},"end":{"line":202,"column":30}},"loc":{"start":{"line":202,"column":35},"end":{"line":204,"column":13}},"line":202},"12":{"name":"(anonymous_12)","decl":{"start":{"line":214,"column":29},"end":{"line":214,"column":30}},"loc":{"start":{"line":214,"column":35},"end":{"line":216,"column":13}},"line":214},"13":{"name":"(anonymous_13)","decl":{"start":{"line":226,"column":29},"end":{"line":226,"column":30}},"loc":{"start":{"line":226,"column":35},"end":{"line":228,"column":13}},"line":226},"14":{"name":"(anonymous_14)","decl":{"start":{"line":232,"column":21},"end":{"line":232,"column":22}},"loc":{"start":{"line":232,"column":27},"end":{"line":234,"column":13}},"line":232}},"branchMap":{"0":{"loc":{"start":{"line":53,"column":8},"end":{"line":55,"column":9}},"type":"if","locations":[{"start":{"line":53,"column":8},"end":{"line":55,"column":9}},{"start":{"line":53,"column":8},"end":{"line":55,"column":9}}],"line":53},"1":{"loc":{"start":{"line":57,"column":8},"end":{"line":60,"column":9}},"type":"if","locations":[{"start":{"line":57,"column":8},"end":{"line":60,"column":9}},{"start":{"line":57,"column":8},"end":{"line":60,"column":9}}],"line":57},"2":{"loc":{"start":{"line":68,"column":30},"end":{"line":68,"column":64}},"type":"cond-expr","locations":[{"start":{"line":68,"column":37},"end":{"line":68,"column":55}},{"start":{"line":68,"column":58},"end":{"line":68,"column":64}}],"line":68},"3":{"loc":{"start":{"line":92,"column":26},"end":{"line":92,"column":52}},"type":"cond-expr","locations":[{"start":{"line":92,"column":32},"end":{"line":92,"column":44}},{"start":{"line":92,"column":47},"end":{"line":92,"column":52}}],"line":92},"4":{"loc":{"start":{"line":96,"column":14},"end":{"line":96,"column":61}},"type":"cond-expr","locations":[{"start":{"line":96,"column":20},"end":{"line":96,"column":54}},{"start":{"line":96,"column":57},"end":{"line":96,"column":61}}],"line":96},"5":{"loc":{"start":{"line":96,"column":20},"end":{"line":96,"column":54}},"type":"binary-expr","locations":[{"start":{"line":96,"column":20},"end":{"line":96,"column":36}},{"start":{"line":96,"column":40},"end":{"line":96,"column":54}}],"line":96},"6":{"loc":{"start":{"line":100,"column":26},"end":{"line":100,"column":52}},"type":"cond-expr","locations":[{"start":{"line":100,"column":32},"end":{"line":100,"column":44}},{"start":{"line":100,"column":47},"end":{"line":100,"column":52}}],"line":100},"7":{"loc":{"start":{"line":122,"column":14},"end":{"line":128,"column":16}},"type":"cond-expr","locations":[{"start":{"line":123,"column":14},"end":{"line":127,"column":15}},{"start":{"line":128,"column":14},"end":{"line":128,"column":16}}],"line":122},"8":{"loc":{"start":{"line":139,"column":8},"end":{"line":144,"column":9}},"type":"if","locations":[{"start":{"line":139,"column":8},"end":{"line":144,"column":9}},{"start":{"line":139,"column":8},"end":{"line":144,"column":9}}],"line":139}},"s":{"0":0,"1":0,"2":0,"3":0,"4":0,"5":0,"6":0,"7":0,"8":0,"9":0,"10":0,"11":0,"12":0,"13":0,"14":0,"15":0,"16":0,"17":0,"18":0,"19":0,"20":0,"21":0,"22":0,"23":0,"24":0,"25":0,"26":0,"27":0,"28":0,"29":0,"30":0,"31":0,"32":0,"33":0,"34":0,"35":0,"36":0,"37":0,"38":0,"39":0,"40":0,"41":0,"42":0,"43":0,"44":0,"45":0,"46":0,"47":0},"f":{"0":0,"1":0,"2":0,"3":0,"4":0,"5":0,"6":0,"7":0,"8":0,"9":0,"10":0,"11":0,"12":0,"13":0,"14":0},"b":{"0":[0,0],"1":[0,0],"2":[0,0],"3":[0,0],"4":[0,0],"5":[0,0],"6":[0,0],"7":[0,0],"8":[0,0]},"hash":"ca56b1b8923d7edf1b80e37f8f5ce419f809ecda"}
,"D:\\Felipe\\Fontes\\Pessoal\\BootCamp11\\App\\mobile\\src\\pages\\SignIn\\index.tsx": {"path":"D:\\Felipe\\Fontes\\Pessoal\\BootCamp11\\App\\mobile\\src\\pages\\SignIn\\index.tsx","statementMap":{"0":{"start":{"line":36,"column":25},"end":{"line":139,"column":1}},"1":{"start":{"line":37,"column":21},"end":{"line":37,"column":36}},"2":{"start":{"line":38,"column":21},"end":{"line":38,"column":30}},"3":{"start":{"line":39,"column":18},"end":{"line":39,"column":43}},"4":{"start":{"line":40,"column":26},"end":{"line":40,"column":49}},"5":{"start":{"line":42,"column":23},"end":{"line":76,"column":3}},"6":{"start":{"line":44,"column":6},"end":{"line":73,"column":7}},"7":{"start":{"line":45,"column":8},"end":{"line":45,"column":39}},"8":{"start":{"line":46,"column":23},"end":{"line":51,"column":10}},"9":{"start":{"line":53,"column":8},"end":{"line":53,"column":59}},"10":{"start":{"line":55,"column":8},"end":{"line":58,"column":11}},"11":{"start":{"line":62,"column":8},"end":{"line":67,"column":9}},"12":{"start":{"line":63,"column":25},"end":{"line":63,"column":49}},"13":{"start":{"line":65,"column":10},"end":{"line":65,"column":45}},"14":{"start":{"line":66,"column":10},"end":{"line":66,"column":17}},"15":{"start":{"line":69,"column":8},"end":{"line":72,"column":10}},"16":{"start":{"line":78,"column":2},"end":{"line":138,"column":4}},"17":{"start":{"line":103,"column":16},"end":{"line":103,"column":49}},"18":{"start":{"line":114,"column":16},"end":{"line":114,"column":46}},"19":{"start":{"line":120,"column":16},"end":{"line":120,"column":46}},"20":{"start":{"line":132,"column":44},"end":{"line":132,"column":73}}},"fnMap":{"0":{"name":"(anonymous_0)","decl":{"start":{"line":36,"column":25},"end":{"line":36,"column":26}},"loc":{"start":{"line":36,"column":31},"end":{"line":139,"column":1}},"line":36},"1":{"name":"(anonymous_1)","decl":{"start":{"line":43,"column":4},"end":{"line":43,"column":5}},"loc":{"start":{"line":43,"column":36},"end":{"line":74,"column":5}},"line":43},"2":{"name":"(anonymous_2)","decl":{"start":{"line":102,"column":31},"end":{"line":102,"column":32}},"loc":{"start":{"line":102,"column":37},"end":{"line":104,"column":15}},"line":102},"3":{"name":"(anonymous_3)","decl":{"start":{"line":113,"column":31},"end":{"line":113,"column":32}},"loc":{"start":{"line":113,"column":37},"end":{"line":115,"column":15}},"line":113},"4":{"name":"(anonymous_4)","decl":{"start":{"line":119,"column":23},"end":{"line":119,"column":24}},"loc":{"start":{"line":119,"column":29},"end":{"line":121,"column":15}},"line":119},"5":{"name":"(anonymous_5)","decl":{"start":{"line":132,"column":38},"end":{"line":132,"column":39}},"loc":{"start":{"line":132,"column":44},"end":{"line":132,"column":73}},"line":132}},"branchMap":{"0":{"loc":{"start":{"line":62,"column":8},"end":{"line":67,"column":9}},"type":"if","locations":[{"start":{"line":62,"column":8},"end":{"line":67,"column":9}},{"start":{"line":62,"column":8},"end":{"line":67,"column":9}}],"line":62},"1":{"loc":{"start":{"line":81,"column":16},"end":{"line":81,"column":61}},"type":"cond-expr","locations":[{"start":{"line":81,"column":40},"end":{"line":81,"column":49}},{"start":{"line":81,"column":52},"end":{"line":81,"column":61}}],"line":81}},"s":{"0":1,"1":1,"2":1,"3":1,"4":1,"5":1,"6":0,"7":0,"8":0,"9":0,"10":0,"11":0,"12":0,"13":0,"14":0,"15":0,"16":1,"17":0,"18":0,"19":0,"20":0},"f":{"0":1,"1":0,"2":0,"3":0,"4":0,"5":0},"b":{"0":[0,0],"1":[1,0]},"_coverageSchema":"43e27e138ebf9cfc5966b082cf9a028302ed4184","hash":"9ecaa5b9b31d0369fb186237dbd6c21ae960a2ec"}
,"D:\\Felipe\\Fontes\\Pessoal\\BootCamp11\\App\\mobile\\src\\pages\\SignUp\\index.tsx": {"path":"D:\\Felipe\\Fontes\\Pessoal\\BootCamp11\\App\\mobile\\src\\pages\\SignUp\\index.tsx","statementMap":{"0":{"start":{"line":29,"column":25},"end":{"line":146,"column":1}},"1":{"start":{"line":30,"column":21},"end":{"line":30,"column":36}},"2":{"start":{"line":31,"column":18},"end":{"line":31,"column":43}},"3":{"start":{"line":32,"column":26},"end":{"line":32,"column":49}},"4":{"start":{"line":33,"column":23},"end":{"line":33,"column":46}},"5":{"start":{"line":35,"column":23},"end":{"line":75,"column":3}},"6":{"start":{"line":37,"column":6},"end":{"line":72,"column":7}},"7":{"start":{"line":38,"column":8},"end":{"line":38,"column":39}},"8":{"start":{"line":40,"column":23},"end":{"line":48,"column":10}},"9":{"start":{"line":50,"column":8},"end":{"line":50,"column":59}},"10":{"start":{"line":52,"column":8},"end":{"line":52,"column":39}},"11":{"start":{"line":54,"column":8},"end":{"line":57,"column":10}},"12":{"start":{"line":59,"column":8},"end":{"line":59,"column":28}},"13":{"start":{"line":61,"column":8},"end":{"line":66,"column":9}},"14":{"start":{"line":62,"column":25},"end":{"line":62,"column":49}},"15":{"start":{"line":64,"column":10},"end":{"line":64,"column":45}},"16":{"start":{"line":65,"column":10},"end":{"line":65,"column":17}},"17":{"start":{"line":68,"column":8},"end":{"line":71,"column":10}},"18":{"start":{"line":77,"column":2},"end":{"line":145,"column":4}},"19":{"start":{"line":100,"column":16},"end":{"line":100,"column":46}},"20":{"start":{"line":113,"column":16},"end":{"line":113,"column":49}},"21":{"start":{"line":125,"column":16},"end":{"line":125,"column":46}},"22":{"start":{"line":131,"column":16},"end":{"line":131,"column":46}},"23":{"start":{"line":139,"column":37},"end":{"line":139,"column":56}}},"fnMap":{"0":{"name":"(anonymous_0)","decl":{"start":{"line":29,"column":25},"end":{"line":29,"column":26}},"loc":{"start":{"line":29,"column":31},"end":{"line":146,"column":1}},"line":29},"1":{"name":"(anonymous_1)","decl":{"start":{"line":36,"column":4},"end":{"line":36,"column":5}},"loc":{"start":{"line":36,"column":36},"end":{"line":73,"column":5}},"line":36},"2":{"name":"(anonymous_2)","decl":{"start":{"line":99,"column":31},"end":{"line":99,"column":32}},"loc":{"start":{"line":99,"column":37},"end":{"line":101,"column":15}},"line":99},"3":{"name":"(anonymous_3)","decl":{"start":{"line":112,"column":31},"end":{"line":112,"column":32}},"loc":{"start":{"line":112,"column":37},"end":{"line":114,"column":15}},"line":112},"4":{"name":"(anonymous_4)","decl":{"start":{"line":124,"column":31},"end":{"line":124,"column":32}},"loc":{"start":{"line":124,"column":37},"end":{"line":126,"column":15}},"line":124},"5":{"name":"(anonymous_5)","decl":{"start":{"line":130,"column":23},"end":{"line":130,"column":24}},"loc":{"start":{"line":130,"column":29},"end":{"line":132,"column":15}},"line":130},"6":{"name":"(anonymous_6)","decl":{"start":{"line":139,"column":31},"end":{"line":139,"column":32}},"loc":{"start":{"line":139,"column":37},"end":{"line":139,"column":56}},"line":139}},"branchMap":{"0":{"loc":{"start":{"line":61,"column":8},"end":{"line":66,"column":9}},"type":"if","locations":[{"start":{"line":61,"column":8},"end":{"line":66,"column":9}},{"start":{"line":61,"column":8},"end":{"line":66,"column":9}}],"line":61},"1":{"loc":{"start":{"line":80,"column":16},"end":{"line":80,"column":61}},"type":"cond-expr","locations":[{"start":{"line":80,"column":40},"end":{"line":80,"column":49}},{"start":{"line":80,"column":52},"end":{"line":80,"column":61}}],"line":80}},"s":{"0":0,"1":0,"2":0,"3":0,"4":0,"5":0,"6":0,"7":0,"8":0,"9":0,"10":0,"11":0,"12":0,"13":0,"14":0,"15":0,"16":0,"17":0,"18":0,"19":0,"20":0,"21":0,"22":0,"23":0},"f":{"0":0,"1":0,"2":0,"3":0,"4":0,"5":0,"6":0},"b":{"0":[0,0],"1":[0,0]},"hash":"a21af8e7da341e0a4373845c962793a4c4d7063d"}
}
